TN:
SF:src\app.js
FN:20,(anonymous_0)
FNF:1
FNH:1
FNDA:1,(anonymous_0)
DA:1,1
DA:2,1
DA:3,1
DA:4,1
DA:5,1
DA:7,1
DA:9,1
DA:11,1
DA:12,0
DA:15,1
DA:17,1
DA:18,1
DA:20,1
DA:21,1
DA:24,1
LF:15
LH:14
BRDA:11,0,0,0
BRDA:11,0,1,1
BRF:2
BRH:1
end_of_record
TN:
SF:src\config.js
FNF:0
FNH:0
DA:1,1
DA:3,1
LF:2
LH:2
BRF:0
BRH:0
end_of_record
TN:
SF:src\controllers\index.js
FN:3,(anonymous_0)
FN:3,_callee
FN:3,_callee$
FN:3,getUsers
FN:21,(anonymous_4)
FN:21,_callee2
FN:21,_callee2$
FN:21,getUserById
FN:41,(anonymous_8)
FN:41,_callee3
FN:41,_callee3$
FN:41,createUser
FNF:12
FNH:3
FNDA:1,(anonymous_0)
FNDA:0,_callee
FNDA:0,_callee$
FNDA:0,getUsers
FNDA:1,(anonymous_4)
FNDA:0,_callee2
FNDA:0,_callee2$
FNDA:0,getUserById
FNDA:1,(anonymous_8)
FNDA:0,_callee3
FNDA:0,_callee3$
FNDA:0,createUser
DA:1,1
DA:3,1
DA:5,0
DA:14,0
DA:17,0
DA:19,1
DA:21,1
DA:23,0
DA:24,0
DA:34,0
DA:35,0
DA:37,0
DA:39,1
DA:41,1
DA:43,0
DA:44,0
DA:46,0
DA:48,1
DA:50,1
LF:19
LH:8
BRDA:3,0,0,0
BRDA:3,0,1,0
BRDA:3,0,2,0
BRDA:3,0,3,0
BRDA:3,0,4,0
BRDA:21,1,0,0
BRDA:21,1,1,0
BRDA:21,1,2,0
BRDA:21,1,3,0
BRDA:21,1,4,0
BRDA:21,1,5,0
BRDA:24,2,0,0
BRDA:24,2,1,0
BRDA:41,3,0,0
BRDA:41,3,1,0
BRDA:41,3,2,0
BRDA:41,3,3,0
BRDA:41,3,4,0
BRF:18
BRH:0
end_of_record
TN:
SF:src\database\models\index.js
FN:25,(anonymous_0)
FN:31,(anonymous_1)
FN:36,(anonymous_2)
FNF:3
FNH:3
FNDA:3,(anonymous_0)
FNDA:2,(anonymous_1)
FNDA:2,(anonymous_2)
DA:1,1
DA:2,1
DA:3,1
DA:4,1
DA:6,1
DA:7,1
DA:8,1
DA:9,1
DA:12,1
DA:13,0
DA:15,1
DA:23,1
DA:25,3
DA:32,2
DA:33,2
DA:36,1
DA:37,2
DA:38,2
DA:42,1
DA:43,1
DA:45,1
LF:21
LH:20
BRDA:7,0,0,1
BRDA:7,0,1,1
BRDA:12,1,0,0
BRDA:12,1,1,1
BRDA:26,2,0,3
BRDA:26,2,1,3
BRDA:26,2,2,2
BRDA:26,2,3,2
BRDA:37,3,0,2
BRDA:37,3,1,0
BRF:10
BRH:8
end_of_record
TN:
SF:src\database\models\proflie.js
FN:1,(anonymous_0)
FN:11,(anonymous_1)
FNF:2
FNH:2
FNDA:1,(anonymous_0)
FNDA:1,(anonymous_1)
DA:1,1
DA:2,1
DA:11,1
DA:12,1
DA:18,1
LF:5
LH:5
BRF:0
BRH:0
end_of_record
TN:
SF:src\database\models\user.js
FN:1,(anonymous_0)
FN:11,(anonymous_1)
FNF:2
FNH:2
FNDA:1,(anonymous_0)
FNDA:1,(anonymous_1)
DA:1,1
DA:2,1
DA:11,1
DA:12,1
DA:18,1
LF:5
LH:5
BRF:0
BRH:0
end_of_record
TN:
SF:src\routes\user.js
FNF:0
FNH:0
DA:1,1
DA:2,1
DA:4,1
DA:6,1
DA:7,1
DA:8,1
DA:10,1
LF:7
LH:7
BRF:0
BRH:0
end_of_record
